2023-02-19 10:51:17,966:INFO:Initializing load_model()
2023-02-19 10:51:17,966:INFO:load_model(model_name=data/Final_Model, platform=None, authentication=None, verbose=True)
2023-02-19 10:54:41,852:INFO:Initializing predict_model()
2023-02-19 10:54:41,852:INFO:predict_model(estimator=Pipeline(steps=[('dtypes',
                 DataTypes_Auto_infer(ml_usecase='classification',
                                      target='churn')),
                ('imputer',
                 Simple_Imputer(categorical_strategy='not_available',
                                fill_value_categorical=None,
                                fill_value_numerical=None,
                                numeric_strategy='mean',
                                target_variable=None)),
                ('new_levels1',
                 New_Catagorical_Levels_in_TestData(replacement_strategy='least '
                                                                         'frequent',
                                                    targe...
                ('clean_names', Clean_Colum_Names()),
                ('feature_select', 'passthrough'), ('fix_multi', 'passthrough'),
                ('dfs', 'passthrough'), ('pca', 'passthrough'),
                ['trained_model',
                 GradientBoostingClassifier(learning_rate=0.15, max_depth=7,
                                            max_features=1.0,
                                            min_impurity_decrease=0.02,
                                            min_samples_leaf=5,
                                            min_samples_split=5,
                                            n_estimators=230, random_state=123,
                                            subsample=0.85)]]), probability_threshold=None, encoded_labels=False, drift_report=False, raw_score=False, round=4, verbose=True, ml_usecase=MLUsecase.CLASSIFICATION, display=None, drift_kwargs=None)
2023-02-19 10:54:41,854:INFO:Checking exceptions
2023-02-19 10:54:41,854:INFO:Preloading libraries
2023-02-19 10:55:56,208:INFO:Initializing load_model()
2023-02-19 10:55:56,208:INFO:load_model(model_name=data/Final_Model, platform=None, authentication=None, verbose=True)
2023-02-19 10:57:56,204:INFO:Initializing predict_model()
2023-02-19 10:57:56,204:INFO:predict_model(estimator=Pipeline(steps=[('dtypes',
                 DataTypes_Auto_infer(ml_usecase='classification',
                                      target='churn')),
                ('imputer',
                 Simple_Imputer(categorical_strategy='not_available',
                                fill_value_categorical=None,
                                fill_value_numerical=None,
                                numeric_strategy='mean',
                                target_variable=None)),
                ('new_levels1',
                 New_Catagorical_Levels_in_TestData(replacement_strategy='least '
                                                                         'frequent',
                                                    targe...
                ('clean_names', Clean_Colum_Names()),
                ('feature_select', 'passthrough'), ('fix_multi', 'passthrough'),
                ('dfs', 'passthrough'), ('pca', 'passthrough'),
                ['trained_model',
                 GradientBoostingClassifier(learning_rate=0.15, max_depth=7,
                                            max_features=1.0,
                                            min_impurity_decrease=0.02,
                                            min_samples_leaf=5,
                                            min_samples_split=5,
                                            n_estimators=230, random_state=123,
                                            subsample=0.85)]]), probability_threshold=None, encoded_labels=False, drift_report=False, raw_score=False, round=4, verbose=True, ml_usecase=MLUsecase.CLASSIFICATION, display=None, drift_kwargs=None)
2023-02-19 10:57:56,204:INFO:Checking exceptions
2023-02-19 10:57:56,205:INFO:Preloading libraries
2023-02-19 11:15:06,785:INFO:Initializing load_model()
2023-02-19 11:15:06,785:INFO:load_model(model_name=data/Final_GBC_Model, platform=None, authentication=None, verbose=True)
2023-02-19 13:54:06,070:INFO:Initializing load_model()
2023-02-19 13:54:06,070:INFO:load_model(model_name=data/Final_GBC_Model, platform=None, authentication=None, verbose=True)
2023-02-19 13:54:17,551:INFO:Initializing load_model()
2023-02-19 13:54:17,551:INFO:load_model(model_name=data/Final_Model, platform=None, authentication=None, verbose=True)
2023-02-19 13:54:52,215:INFO:Initializing predict_model()
2023-02-19 13:54:52,215:INFO:predict_model(estimator=Pipeline(steps=[('dtypes',
                 DataTypes_Auto_infer(ml_usecase='classification',
                                      target='churn')),
                ('imputer',
                 Simple_Imputer(categorical_strategy='not_available',
                                fill_value_categorical=None,
                                fill_value_numerical=None,
                                numeric_strategy='mean',
                                target_variable=None)),
                ('new_levels1',
                 New_Catagorical_Levels_in_TestData(replacement_strategy='least '
                                                                         'frequent',
                                                    targe...
                ('clean_names', Clean_Colum_Names()),
                ('feature_select', 'passthrough'), ('fix_multi', 'passthrough'),
                ('dfs', 'passthrough'), ('pca', 'passthrough'),
                ['trained_model',
                 GradientBoostingClassifier(learning_rate=0.15, max_depth=7,
                                            max_features=1.0,
                                            min_impurity_decrease=0.02,
                                            min_samples_leaf=5,
                                            min_samples_split=5,
                                            n_estimators=230, random_state=123,
                                            subsample=0.85)]]), probability_threshold=None, encoded_labels=False, drift_report=False, raw_score=False, round=4, verbose=True, ml_usecase=MLUsecase.CLASSIFICATION, display=None, drift_kwargs=None)
2023-02-19 13:54:52,215:INFO:Checking exceptions
2023-02-19 13:54:52,215:INFO:Preloading libraries
2023-02-19 13:55:30,064:INFO:Initializing predict_model()
2023-02-19 13:55:30,064:INFO:predict_model(estimator=Pipeline(steps=[('dtypes',
                 DataTypes_Auto_infer(ml_usecase='classification',
                                      target='churn')),
                ('imputer',
                 Simple_Imputer(categorical_strategy='not_available',
                                fill_value_categorical=None,
                                fill_value_numerical=None,
                                numeric_strategy='mean',
                                target_variable=None)),
                ('new_levels1',
                 New_Catagorical_Levels_in_TestData(replacement_strategy='least '
                                                                         'frequent',
                                                    targe...
                ('clean_names', Clean_Colum_Names()),
                ('feature_select', 'passthrough'), ('fix_multi', 'passthrough'),
                ('dfs', 'passthrough'), ('pca', 'passthrough'),
                ['trained_model',
                 GradientBoostingClassifier(learning_rate=0.15, max_depth=7,
                                            max_features=1.0,
                                            min_impurity_decrease=0.02,
                                            min_samples_leaf=5,
                                            min_samples_split=5,
                                            n_estimators=230, random_state=123,
                                            subsample=0.85)]]), probability_threshold=None, encoded_labels=False, drift_report=False, raw_score=False, round=4, verbose=True, ml_usecase=MLUsecase.CLASSIFICATION, display=None, drift_kwargs=None)
2023-02-19 13:55:30,064:INFO:Checking exceptions
2023-02-19 13:55:30,064:INFO:Preloading libraries
2023-02-19 13:56:54,657:INFO:Initializing load_model()
2023-02-19 13:56:54,657:INFO:load_model(model_name=data/Final_Model, platform=None, authentication=None, verbose=True)
2023-02-19 13:57:20,818:INFO:Initializing predict_model()
2023-02-19 13:57:20,818:INFO:predict_model(estimator=Pipeline(steps=[('dtypes',
                 DataTypes_Auto_infer(ml_usecase='classification',
                                      target='churn')),
                ('imputer',
                 Simple_Imputer(categorical_strategy='not_available',
                                fill_value_categorical=None,
                                fill_value_numerical=None,
                                numeric_strategy='mean',
                                target_variable=None)),
                ('new_levels1',
                 New_Catagorical_Levels_in_TestData(replacement_strategy='least '
                                                                         'frequent',
                                                    targe...
                ('clean_names', Clean_Colum_Names()),
                ('feature_select', 'passthrough'), ('fix_multi', 'passthrough'),
                ('dfs', 'passthrough'), ('pca', 'passthrough'),
                ['trained_model',
                 GradientBoostingClassifier(learning_rate=0.15, max_depth=7,
                                            max_features=1.0,
                                            min_impurity_decrease=0.02,
                                            min_samples_leaf=5,
                                            min_samples_split=5,
                                            n_estimators=230, random_state=123,
                                            subsample=0.85)]]), probability_threshold=None, encoded_labels=False, drift_report=False, raw_score=False, round=4, verbose=True, ml_usecase=MLUsecase.CLASSIFICATION, display=None, drift_kwargs=None)
2023-02-19 13:57:20,818:INFO:Checking exceptions
2023-02-19 13:57:20,818:INFO:Preloading libraries
2023-02-19 14:05:44,846:INFO:Initializing load_model()
2023-02-19 14:05:44,846:INFO:load_model(model_name=data/Final_Model, platform=None, authentication=None, verbose=True)
2023-02-19 14:07:36,801:INFO:Initializing predict_model()
2023-02-19 14:07:36,801:INFO:predict_model(estimator=Pipeline(steps=[('dtypes',
                 DataTypes_Auto_infer(ml_usecase='classification',
                                      target='churn')),
                ('imputer',
                 Simple_Imputer(categorical_strategy='not_available',
                                fill_value_categorical=None,
                                fill_value_numerical=None,
                                numeric_strategy='mean',
                                target_variable=None)),
                ('new_levels1',
                 New_Catagorical_Levels_in_TestData(replacement_strategy='least '
                                                                         'frequent',
                                                    targe...
                ('clean_names', Clean_Colum_Names()),
                ('feature_select', 'passthrough'), ('fix_multi', 'passthrough'),
                ('dfs', 'passthrough'), ('pca', 'passthrough'),
                ['trained_model',
                 GradientBoostingClassifier(learning_rate=0.15, max_depth=7,
                                            max_features=1.0,
                                            min_impurity_decrease=0.02,
                                            min_samples_leaf=5,
                                            min_samples_split=5,
                                            n_estimators=230, random_state=123,
                                            subsample=0.85)]]), probability_threshold=None, encoded_labels=False, drift_report=False, raw_score=False, round=4, verbose=True, ml_usecase=MLUsecase.CLASSIFICATION, display=None, drift_kwargs=None)
2023-02-19 14:07:36,801:INFO:Checking exceptions
2023-02-19 14:07:36,801:INFO:Preloading libraries
2023-02-19 14:09:40,384:INFO:Initializing load_model()
2023-02-19 14:09:40,384:INFO:load_model(model_name=data/Final_Model_convert_churn_type, platform=None, authentication=None, verbose=True)
2023-02-19 14:11:06,840:INFO:Initializing predict_model()
2023-02-19 14:11:06,841:INFO:predict_model(estimator=Pipeline(steps=[('dtypes',
                 DataTypes_Auto_infer(ml_usecase='classification',
                                      target='churn')),
                ('imputer',
                 Simple_Imputer(categorical_strategy='not_available',
                                fill_value_categorical=None,
                                fill_value_numerical=None,
                                numeric_strategy='mean',
                                target_variable=None)),
                ('new_levels1',
                 New_Catagorical_Levels_in_TestData(replacement_strategy='least '
                                                                         'frequent',
                                                    targe...
                ('clean_names', Clean_Colum_Names()),
                ('feature_select', 'passthrough'), ('fix_multi', 'passthrough'),
                ('dfs', 'passthrough'), ('pca', 'passthrough'),
                ['trained_model',
                 GradientBoostingClassifier(learning_rate=0.15, max_depth=7,
                                            max_features=1.0,
                                            min_impurity_decrease=0.02,
                                            min_samples_leaf=5,
                                            min_samples_split=5,
                                            n_estimators=230, random_state=123,
                                            subsample=0.85)]]), probability_threshold=None, encoded_labels=False, drift_report=False, raw_score=False, round=4, verbose=True, ml_usecase=MLUsecase.CLASSIFICATION, display=None, drift_kwargs=None)
2023-02-19 14:11:06,841:INFO:Checking exceptions
2023-02-19 14:11:06,841:INFO:Preloading libraries
